<?xml version="1.0" encoding="UTF-8"?>
<!-- Generated by org.testng.reporters.JUnitReportReporter -->
<testsuite name="com.amind.NewTest" tests="4" time="207.399" ignored="0" failures="0" timestamp="15 Aug 2017 14:46:54 GMT" skipped="0" hostname="NJCDTL01CD119M" errors="0">
  <testcase name="OpptyPageStart" time="63.442" classname="com.amind.NewTest"/>
  <testcase name="OrderHandOff" time="93.356" classname="com.amind.NewTest"/>
  <testcase name="MDSFlowStart" time="16.180" classname="com.amind.NewTest"/>
  <testcase name="Login" time="34.421" classname="com.amind.NewTest"/>
</testsuite> <!-- com.amind.NewTest -->
