<?xml version="1.0" encoding="UTF-8"?>
<!-- Generated by org.testng.reporters.JUnitReportReporter -->
<testsuite name="com.amind.AppTest" tests="1" time="0.002" ignored="0" failures="0" timestamp="15 Aug 2017 14:46:54 GMT" skipped="0" hostname="NJCDTL01CD119M" errors="0">
  <testcase name="testApp" time="0.002" classname="com.amind.AppTest"/>
</testsuite> <!-- com.amind.AppTest -->
