<?xml version="1.0" encoding="UTF-8"?>
<!-- Generated by org.testng.reporters.JUnitReportReporter -->
<testsuite name="com.amind.Google" tests="1" time="4.683" ignored="0" failures="0" timestamp="20 Jul 2017 19:40:10 GMT" skipped="0" hostname="NJCDTL01CD119M" errors="0">
  <testcase name="f" time="4.683" classname="com.amind.Google"/>
</testsuite> <!-- com.amind.Google -->
